<?xml version="1.0" encoding="UTF-8"?>
<!-- Generated by org.testng.reporters.JUnitReportReporter -->
<testsuite hostname="Villain" failures="0" tests="1" name="vTiger.organisationTest.toCreateOrganizationTest" time="13.350" errors="0" timestamp="2024-07-09T10:52:03 IST" skipped="0">
  <testcase classname="vTiger.organisationTest.toCreateOrganizationTest" name="toCreateOrganizationTest_002" time="13.350"/>
  <system-out>
    <![CDATA[navigated to org page
navigated to create org  page
navigated to org inf page]]>
  </system-out>
</testsuite> <!-- vTiger.organisationTest.toCreateOrganizationTest -->
