<?xml version="1.0" encoding="UTF-8"?>
<!-- Generated by org.testng.reporters.JUnitReportReporter -->
<testsuite hostname="Villain" failures="0" tests="1" name="vTiger.ContactTests.toCreateContactTest" time="17.294" errors="0" timestamp="2025-07-30T15:33:51 IST" skipped="0">
  <testcase classname="vTiger.ContactTests.toCreateContactTest" name="toCreateContactTest_001" time="17.294"/>
  <system-out>
    <![CDATA[Navigated to contacts page
Naviaged to xreate contacts page
Naviagteted to contacts information page
[ CON93 ] Kumar - Contact Informationcreate contacts succesfully
[ CON93 ] Kumar - Contact Information failled to create contacts]]>
  </system-out>
</testsuite> <!-- vTiger.ContactTests.toCreateContactTest -->
