<?xml version="1.0" encoding="UTF-8"?>
<!-- Generated by org.testng.reporters.JUnitReportReporter -->
<testsuite hostname="Villain" failures="0" tests="1" name="vTiger.Product.ToCreatProductPage" time="13.170" errors="0" timestamp="2025-07-25T16:49:02 IST" skipped="0">
  <testcase classname="vTiger.Product.ToCreatProductPage" name="tocreateProductPage" time="13.170"/>
  <system-out/>
</testsuite> <!-- vTiger.Product.ToCreatProductPage -->
