<?xml version="1.0" encoding="UTF-8"?>
<!-- Generated by org.testng.reporters.JUnitReportReporter -->
<testsuite hostname="Villain" failures="0" tests="1" name="vTiger.Product.ToCreatProductPage" time="17.662" errors="0" timestamp="2025-07-30T15:22:12 IST" skipped="0">
  <testcase classname="vTiger.Product.ToCreatProductPage" name="tocreateProductPage" time="17.662"/>
  <system-out>
    <![CDATA[product page created sucsessfully
[ PRO11 ] real me - Product Information]]>
  </system-out>
</testsuite> <!-- vTiger.Product.ToCreatProductPage -->
