<?xml version="1.0" encoding="UTF-8"?>
<!-- Generated by org.testng.reporters.JUnitReportReporter -->
<testsuite hostname="Villain" failures="0" tests="1" name="vTiger.organisationTest.toCreateOrganizationTest" time="62.131" errors="0" timestamp="2025-07-24T16:21:18 IST" skipped="0">
  <testcase classname="vTiger.organisationTest.toCreateOrganizationTest" name="toCreateOrganizationTest_002" time="62.131"/>
  <system-out>
    <![CDATA[navigated to org page
navigated to create org  page
navigated to org inf page]]>
  </system-out>
</testsuite> <!-- vTiger.organisationTest.toCreateOrganizationTest -->
