<?xml version="1.0" encoding="UTF-8"?>
<!-- Generated by org.testng.reporters.JUnitReportReporter -->
<testsuite hostname="Villain" failures="0" tests="1" name="vTiger.Product.ToCreatProductPage" time="13.417" errors="0" timestamp="2025-07-30T14:12:47 IST" skipped="0">
  <testcase classname="vTiger.Product.ToCreatProductPage" name="tocreateProductPage" time="13.417"/>
  <system-out/>
</testsuite> <!-- vTiger.Product.ToCreatProductPage -->
