<?xml version="1.0" encoding="UTF-8"?>
<!-- Generated by org.testng.reporters.JUnitReportReporter -->
<testsuite hostname="Villain" failures="0" tests="1" name="vTiger.ContactTests.toCreateContactTest" time="49.844" errors="0" timestamp="2024-09-08T10:40:06 IST" skipped="0">
  <testcase classname="vTiger.ContactTests.toCreateContactTest" name="toCreateContactTest_001" time="49.844"/>
  <system-out>
    <![CDATA[Navigated to contacts page
Naviaged to xreate contacts page
Naviagteted to contacts information page
[ CON69 ] Kumar - Contact Informationcreate contacts succesfully
[ CON69 ] Kumar - Contact Information failled to create contacts]]>
  </system-out>
</testsuite> <!-- vTiger.ContactTests.toCreateContactTest -->
